HTTP Request: GET http://test/api/v1/drug/1000006/check-interaction/1000037 "HTTP/1.1 200 OK"
HTTP Request: GET http://test/api/v1/drug/1000006/check-interaction/1000037 "HTTP/1.1 200 OK"
HTTP Request: GET http://test/api/v1/drug/1000037/check-interaction/1000006 "HTTP/1.1 200 OK"
HTTP Request: GET http://test/api/v1/drug/1000006/check-interaction/1000037 "HTTP/1.1 200 OK"
HTTP Request: GET http://test/api/v1/drug/INVALID_999/check-interaction/1000037 "HTTP/1.1 404 Not Found"
HTTP Request: GET http://test/api/v1/drug/1000006/check-interaction/INVALID_999 "HTTP/1.1 404 Not Found"
HTTP Request: GET http://test/api/v1/drug/INVALID_A/check-interaction/INVALID_B "HTTP/1.1 404 Not Found"
HTTP Request: GET http://test/api/v1/drug/1000006/check-interaction/1000037 "HTTP/1.1 401 Unauthorized"
HTTP Request: GET http://test/api/v1/drug/1000006/check-interaction/1000037 "HTTP/1.1 200 OK"
HTTP Request: GET http://test/api/v1/drug/1000006/check-interaction/1000037 "HTTP/1.1 200 OK"
HTTP Request: GET http://test/api/v1/drug/1000006/check-interaction/1000006 "HTTP/1.1 200 OK"
HTTP Request: GET http://test/api/v1/drug/365656/contraindications "HTTP/1.1 200 OK"
HTTP Request: GET http://test/api/v1/drug/1000030/contraindications "HTTP/1.1 200 OK"
HTTP Request: GET http://test/api/v1/drug/365656/warnings "HTTP/1.1 200 OK"
HTTP Request: GET http://test/api/v1/drug/1000030/warnings "HTTP/1.1 200 OK"
HTTP Request: GET http://test/api/v1/drug/365656/mechanism-of-action "HTTP/1.1 200 OK"
HTTP Request: GET http://test/api/v1/drug/1000030/mechanism-of-action "HTTP/1.1 200 OK"
HTTP Request: GET http://test/api/v1/drug/365656/generic-name "HTTP/1.1 200 OK"
HTTP Request: GET http://test/api/v1/drug/1000030/generic-name "HTTP/1.1 200 OK"
HTTP Request: GET http://test/api/v1/drug/365656/adverse-reactions "HTTP/1.1 200 OK"
HTTP Request: GET http://test/api/v1/drug/1000030/adverse-reactions "HTTP/1.1 200 OK"
HTTP Request: GET http://test/api/v1/drug/365656/drug-description "HTTP/1.1 200 OK"
HTTP Request: GET http://test/api/v1/drug/1000030/drug-description "HTTP/1.1 200 OK"
HTTP Request: GET http://test/api/v1/drug/365656/indications "HTTP/1.1 200 OK"
HTTP Request: GET http://test/api/v1/drug/1000030/indications "HTTP/1.1 200 OK"
HTTP Request: GET http://test/api/v1/drug/365656/ingredients "HTTP/1.1 200 OK"
HTTP Request: GET http://test/api/v1/drug/1000030/ingredients "HTTP/1.1 200 OK"
HTTP Request: GET http://test/api/v1/drug/365656/food-interactions "HTTP/1.1 200 OK"
HTTP Request: GET http://test/api/v1/drug/1000030/food-interactions "HTTP/1.1 200 OK"
HTTP Request: GET http://test/api/v1/drug/365656/drug-classes "HTTP/1.1 200 OK"
HTTP Request: GET http://test/api/v1/drug/1000030/drug-classes "HTTP/1.1 200 OK"
HTTP Request: GET http://test/api/v1/drug/365656/interactions "HTTP/1.1 200 OK"
HTTP Request: GET http://test/api/v1/drug/1000030/interactions "HTTP/1.1 200 OK"
HTTP Request: GET http://test/api/v1/drug/365656/population-info?age=35 "HTTP/1.1 200 OK"
HTTP Request: GET http://test/api/v1/drug/1000030/population-info?age=35 "HTTP/1.1 200 OK"
HTTP Request: GET http://test/api/v1/drug/1000006/dosing-regimen?age=0 "HTTP/1.1 404 Not Found"
HTTP Request: GET http://test/api/v1/drug/1000006/dosing-regimen?age=0.5 "HTTP/1.1 404 Not Found"
HTTP Request: GET http://test/api/v1/drug/1000006/dosing-regimen?age=5 "HTTP/1.1 200 OK"
HTTP Request: GET http://test/api/v1/drug/1000006/dosing-regimen?age=15 "HTTP/1.1 404 Not Found"
HTTP Request: GET http://test/api/v1/drug/1000006/dosing-regimen?age=35 "HTTP/1.1 200 OK"
HTTP Request: GET http://test/api/v1/drug/1000006/dosing-regimen?age=70 "HTTP/1.1 200 OK"
HTTP Request: GET http://test/api/v1/drug/1000030/dosing-regimen?age=0 "HTTP/1.1 404 Not Found"
HTTP Request: GET http://test/api/v1/drug/1000030/dosing-regimen?age=0.5 "HTTP/1.1 404 Not Found"
HTTP Request: GET http://test/api/v1/drug/1000030/dosing-regimen?age=5 "HTTP/1.1 200 OK"
HTTP Request: GET http://test/api/v1/drug/1000030/dosing-regimen?age=15 "HTTP/1.1 404 Not Found"
HTTP Request: GET http://test/api/v1/drug/1000030/dosing-regimen?age=35 "HTTP/1.1 200 OK"
HTTP Request: GET http://test/api/v1/drug/1000030/dosing-regimen?age=70 "HTTP/1.1 404 Not Found"
HTTP Request: GET http://test/api/v1/drug/1000035/dosing-regimen?age=35 "HTTP/1.1 200 OK"
HTTP Request: GET http://test/api/v1/drug/1000035/dosing-regimen?age=35 "HTTP/1.1 200 OK"
HTTP Request: GET http://test/api/v1/drug/1000030/contraindications "HTTP/1.1 200 OK"
HTTP Request: GET http://test/api/v1/drug/1000030/contraindications "HTTP/1.1 200 OK"
HTTP Request: GET http://test/api/v1/drug/365656/warnings "HTTP/1.1 200 OK"
HTTP Request: GET http://test/api/v1/drug/365656/warnings "HTTP/1.1 200 OK"
HTTP Request: GET http://test/api/v1/drug/1000006/dosing-regimen?age=35 "HTTP/1.1 200 OK"
HTTP Request: GET http://test/api/v1/drug/1000030/dosing-regimen?age=35 "HTTP/1.1 200 OK"
HTTP Request: GET http://test/api/v1/drug/1000035/dosing-regimen?age=35 "HTTP/1.1 200 OK"
HTTP Request: GET http://test/health "HTTP/1.1 200 OK"
HTTP Request: GET http://test/health "HTTP/1.1 200 OK"
HTTP Request: GET http://test/health "HTTP/1.1 200 OK"
HTTP Request: GET http://test/api/v1/drug/1000006/check-interaction/365656 "HTTP/1.1 200 OK"
HTTP Request: GET http://test/api/v1/drug/1000006/check-interaction/1000030 "HTTP/1.1 200 OK"
HTTP Request: GET http://test/api/v1/drug/365656/check-interaction/1000030 "HTTP/1.1 200 OK"
HTTP Request: GET http://test/api/v1/drug/365656/check-interaction/1000030 "HTTP/1.1 200 OK"
HTTP Request: GET http://test/api/v1/drug/1000030/check-interaction/365656 "HTTP/1.1 200 OK"
HTTP Request: GET http://test/api/v1/drug/152248/dosing-regimen?age=35 "HTTP/1.1 200 OK"
HTTP Request: GET http://test/api/v1/drug/152248/dosing-regimen?age=-1 "HTTP/1.1 422 Unprocessable Entity"
HTTP Request: GET http://test/api/v1/drug/152248/dosing-regimen "HTTP/1.1 422 Unprocessable Entity"
HTTP Request: GET http://test/api/v1/drug/INVALID_999999/dosing-regimen?age=35 "HTTP/1.1 404 Not Found"
HTTP Request: GET http://test/api/v1/drug/152248/contraindications "HTTP/1.1 200 OK"
HTTP Request: GET http://test/api/v1/drug/152248/warnings "HTTP/1.1 200 OK"
HTTP Request: GET http://test/api/v1/drug/152248/mechanism-of-action "HTTP/1.1 200 OK"
HTTP Request: GET http://test/api/v1/drug/152248/microbiology "HTTP/1.1 200 OK"
HTTP Request: GET http://test/api/v1/drug/152248/generic-name "HTTP/1.1 200 OK"
HTTP Request: GET http://test/api/v1/drug/152248/patient-info "HTTP/1.1 200 OK"
HTTP Request: GET http://test/api/v1/drug/152248/adverse-reactions "HTTP/1.1 200 OK"
HTTP Request: GET http://test/api/v1/drug/152248/drug-description "HTTP/1.1 200 OK"
HTTP Request: GET http://test/api/v1/drug/152248/indications "HTTP/1.1 200 OK"
HTTP Request: GET http://test/api/v1/drug/152248/pregnancy-use "HTTP/1.1 200 OK"
HTTP Request: GET http://test/api/v1/drug/152248/specific-populations "HTTP/1.1 200 OK"
HTTP Request: GET http://test/api/v1/drug/152248/products "HTTP/1.1 200 OK"
HTTP Request: GET http://test/api/v1/drug/152248/food-interactions "HTTP/1.1 200 OK"
HTTP Request: GET http://test/api/v1/drug/152248/ingredients "HTTP/1.1 200 OK"
HTTP Request: GET http://test/api/v1/drug/INVALID_999999/contraindications "HTTP/1.1 404 Not Found"
HTTP Request: GET http://test/api/v1/drug/INVALID_999999/warnings "HTTP/1.1 404 Not Found"
HTTP Request: GET http://test/api/v1/drug/INVALID_999999/mechanism-of-action "HTTP/1.1 404 Not Found"
HTTP Request: GET http://test/api/v1/drug/INVALID_999999/microbiology "HTTP/1.1 404 Not Found"
HTTP Request: GET http://test/api/v1/drug/INVALID_999999/generic-name "HTTP/1.1 404 Not Found"
HTTP Request: GET http://test/api/v1/drug/INVALID_999999/patient-info "HTTP/1.1 404 Not Found"
HTTP Request: GET http://test/api/v1/drug/INVALID_999999/adverse-reactions "HTTP/1.1 404 Not Found"
HTTP Request: GET http://test/api/v1/drug/INVALID_999999/drug-description "HTTP/1.1 404 Not Found"
HTTP Request: GET http://test/api/v1/drug/INVALID_999999/indications "HTTP/1.1 404 Not Found"
HTTP Request: GET http://test/api/v1/drug/INVALID_999999/pregnancy-use "HTTP/1.1 404 Not Found"
HTTP Request: GET http://test/api/v1/drug/INVALID_999999/specific-populations "HTTP/1.1 404 Not Found"
HTTP Request: GET http://test/api/v1/drug/INVALID_999999/products "HTTP/1.1 404 Not Found"
HTTP Request: GET http://test/api/v1/drug/INVALID_999999/food-interactions "HTTP/1.1 404 Not Found"
HTTP Request: GET http://test/api/v1/drug/INVALID_999999/ingredients "HTTP/1.1 404 Not Found"
HTTP Request: GET http://test/api/v1/drug/152248/contraindications "HTTP/1.1 401 Unauthorized"
HTTP Request: GET http://test/api/v1/drug/152248/warnings "HTTP/1.1 401 Unauthorized"
HTTP Request: GET http://test/api/v1/drug/152248/mechanism-of-action "HTTP/1.1 401 Unauthorized"
HTTP Request: GET http://test/api/v1/drug/152248/microbiology "HTTP/1.1 401 Unauthorized"
HTTP Request: GET http://test/api/v1/drug/152248/generic-name "HTTP/1.1 401 Unauthorized"
HTTP Request: GET http://test/api/v1/drug/152248/patient-info "HTTP/1.1 401 Unauthorized"
HTTP Request: GET http://test/api/v1/drug/152248/adverse-reactions "HTTP/1.1 401 Unauthorized"
HTTP Request: GET http://test/api/v1/drug/152248/drug-description "HTTP/1.1 401 Unauthorized"
HTTP Request: GET http://test/api/v1/drug/152248/indications "HTTP/1.1 401 Unauthorized"
HTTP Request: GET http://test/api/v1/drug/152248/pregnancy-use "HTTP/1.1 401 Unauthorized"
HTTP Request: GET http://test/api/v1/drug/152248/specific-populations "HTTP/1.1 401 Unauthorized"
HTTP Request: GET http://test/api/v1/drug/152248/products "HTTP/1.1 401 Unauthorized"
HTTP Request: GET http://test/api/v1/drug/152248/food-interactions "HTTP/1.1 401 Unauthorized"
HTTP Request: GET http://test/api/v1/drug/152248/ingredients "HTTP/1.1 401 Unauthorized"
HTTP Request: GET http://test/api/v1/drug/152248/contraindications "HTTP/1.1 200 OK"
HTTP Request: GET http://test/api/v1/drug/152248/contraindications "HTTP/1.1 200 OK"
HTTP Request: GET http://test/api/v1/drug/152248/ingredients "HTTP/1.1 200 OK"
HTTP Request: GET http://test/api/v1/drug/INVALID_999999/ingredients "HTTP/1.1 404 Not Found"
HTTP Request: GET http://test/api/v1/drug/152248/products "HTTP/1.1 200 OK"
HTTP Request: GET http://test/api/v1/drug/152248/contraindications "HTTP/1.1 200 OK"
HTTP Request: GET http://test/api/v1/drug/152248/population-info?age=5 "HTTP/1.1 200 OK"
HTTP Request: GET http://test/api/v1/drug/152248/population-info?age=0 "HTTP/1.1 200 OK"
HTTP Request: GET http://test/api/v1/drug/152248/population-info?age=17 "HTTP/1.1 200 OK"
HTTP Request: GET http://test/api/v1/drug/152248/population-info?age=35 "HTTP/1.1 200 OK"
HTTP Request: GET http://test/api/v1/drug/152248/population-info?age=18 "HTTP/1.1 200 OK"
HTTP Request: GET http://test/api/v1/drug/152248/population-info?age=64 "HTTP/1.1 200 OK"
HTTP Request: GET http://test/api/v1/drug/152248/population-info?age=65 "HTTP/1.1 200 OK"
HTTP Request: GET http://test/api/v1/drug/152248/population-info?age=80 "HTTP/1.1 200 OK"
HTTP Request: GET http://test/api/v1/drug/INVALID_999999/population-info?age=35 "HTTP/1.1 404 Not Found"
HTTP Request: GET http://test/api/v1/drug/152248/population-info "HTTP/1.1 422 Unprocessable Entity"
HTTP Request: GET http://test/api/v1/drug/152248/population-info?age=150 "HTTP/1.1 422 Unprocessable Entity"
HTTP Request: GET http://test/api/v1/drug/152248/population-info?age=35 "HTTP/1.1 401 Unauthorized"
HTTP Request: GET http://test/api/v1/drug/152248/interactions "HTTP/1.1 200 OK"
HTTP Request: GET http://test/api/v1/drug/INVALID_999999/interactions "HTTP/1.1 404 Not Found"
HTTP Request: GET http://test/api/v1/drug/152248/interactions "HTTP/1.1 200 OK"
HTTP Request: GET http://test/api/v1/drug/152248/interactions "HTTP/1.1 200 OK"
HTTP Request: GET http://test/api/v1/drug/1000006/check-interaction/1000037 "HTTP/1.1 200 OK"
HTTP Request: GET http://test/api/v1/drug/1000006/check-interaction/1000037 "HTTP/1.1 200 OK"
HTTP Request: GET http://test/api/v1/drug/1000037/check-interaction/1000006 "HTTP/1.1 200 OK"
HTTP Request: GET http://test/api/v1/drug/1000006/check-interaction/1000037 "HTTP/1.1 200 OK"
HTTP Request: GET http://test/api/v1/drug/INVALID_999/check-interaction/1000037 "HTTP/1.1 404 Not Found"
HTTP Request: GET http://test/api/v1/drug/1000006/check-interaction/INVALID_999 "HTTP/1.1 404 Not Found"
HTTP Request: GET http://test/api/v1/drug/INVALID_A/check-interaction/INVALID_B "HTTP/1.1 404 Not Found"
HTTP Request: GET http://test/api/v1/drug/1000006/check-interaction/1000037 "HTTP/1.1 401 Unauthorized"
HTTP Request: GET http://test/api/v1/drug/1000006/check-interaction/1000037 "HTTP/1.1 200 OK"
HTTP Request: GET http://test/api/v1/drug/1000006/check-interaction/1000037 "HTTP/1.1 200 OK"
HTTP Request: GET http://test/api/v1/drug/1000006/check-interaction/1000006 "HTTP/1.1 200 OK"
HTTP Request: GET http://test/api/v1/drug/365656/contraindications "HTTP/1.1 200 OK"
HTTP Request: GET http://test/api/v1/drug/1000030/contraindications "HTTP/1.1 200 OK"
HTTP Request: GET http://test/api/v1/drug/365656/warnings "HTTP/1.1 200 OK"
HTTP Request: GET http://test/api/v1/drug/1000030/warnings "HTTP/1.1 200 OK"
HTTP Request: GET http://test/api/v1/drug/365656/mechanism-of-action "HTTP/1.1 200 OK"
HTTP Request: GET http://test/api/v1/drug/1000030/mechanism-of-action "HTTP/1.1 200 OK"
HTTP Request: GET http://test/api/v1/drug/365656/generic-name "HTTP/1.1 200 OK"
HTTP Request: GET http://test/api/v1/drug/1000030/generic-name "HTTP/1.1 200 OK"
HTTP Request: GET http://test/api/v1/drug/365656/adverse-reactions "HTTP/1.1 200 OK"
HTTP Request: GET http://test/api/v1/drug/1000030/adverse-reactions "HTTP/1.1 200 OK"
HTTP Request: GET http://test/api/v1/drug/365656/drug-description "HTTP/1.1 200 OK"
HTTP Request: GET http://test/api/v1/drug/1000030/drug-description "HTTP/1.1 200 OK"
HTTP Request: GET http://test/api/v1/drug/365656/indications "HTTP/1.1 200 OK"
HTTP Request: GET http://test/api/v1/drug/1000030/indications "HTTP/1.1 200 OK"
HTTP Request: GET http://test/api/v1/drug/365656/ingredients "HTTP/1.1 200 OK"
HTTP Request: GET http://test/api/v1/drug/1000030/ingredients "HTTP/1.1 200 OK"
HTTP Request: GET http://test/api/v1/drug/365656/food-interactions "HTTP/1.1 200 OK"
HTTP Request: GET http://test/api/v1/drug/1000030/food-interactions "HTTP/1.1 200 OK"
HTTP Request: GET http://test/api/v1/drug/365656/drug-classes "HTTP/1.1 200 OK"
HTTP Request: GET http://test/api/v1/drug/1000030/drug-classes "HTTP/1.1 200 OK"
HTTP Request: GET http://test/api/v1/drug/365656/interactions "HTTP/1.1 200 OK"
HTTP Request: GET http://test/api/v1/drug/1000030/interactions "HTTP/1.1 200 OK"
HTTP Request: GET http://test/api/v1/drug/365656/population-info?age=35 "HTTP/1.1 200 OK"
HTTP Request: GET http://test/api/v1/drug/1000030/population-info?age=35 "HTTP/1.1 200 OK"
HTTP Request: GET http://test/api/v1/drug/1000006/dosing-regimen?age=0 "HTTP/1.1 404 Not Found"
HTTP Request: GET http://test/api/v1/drug/1000006/dosing-regimen?age=0.5 "HTTP/1.1 404 Not Found"
HTTP Request: GET http://test/api/v1/drug/1000006/dosing-regimen?age=5 "HTTP/1.1 200 OK"
HTTP Request: GET http://test/api/v1/drug/1000006/dosing-regimen?age=15 "HTTP/1.1 404 Not Found"
HTTP Request: GET http://test/api/v1/drug/1000006/dosing-regimen?age=35 "HTTP/1.1 200 OK"
HTTP Request: GET http://test/api/v1/drug/1000006/dosing-regimen?age=70 "HTTP/1.1 200 OK"
HTTP Request: GET http://test/api/v1/drug/1000030/dosing-regimen?age=0 "HTTP/1.1 404 Not Found"
HTTP Request: GET http://test/api/v1/drug/1000030/dosing-regimen?age=0.5 "HTTP/1.1 404 Not Found"
HTTP Request: GET http://test/api/v1/drug/1000030/dosing-regimen?age=5 "HTTP/1.1 200 OK"
HTTP Request: GET http://test/api/v1/drug/1000030/dosing-regimen?age=15 "HTTP/1.1 404 Not Found"
HTTP Request: GET http://test/api/v1/drug/1000030/dosing-regimen?age=35 "HTTP/1.1 200 OK"
HTTP Request: GET http://test/api/v1/drug/1000030/dosing-regimen?age=70 "HTTP/1.1 404 Not Found"
HTTP Request: GET http://test/api/v1/drug/1000035/dosing-regimen?age=35 "HTTP/1.1 200 OK"
HTTP Request: GET http://test/api/v1/drug/1000035/dosing-regimen?age=35 "HTTP/1.1 200 OK"
HTTP Request: GET http://test/api/v1/drug/1000030/contraindications "HTTP/1.1 200 OK"
HTTP Request: GET http://test/api/v1/drug/1000030/contraindications "HTTP/1.1 200 OK"
HTTP Request: GET http://test/api/v1/drug/365656/warnings "HTTP/1.1 200 OK"
HTTP Request: GET http://test/api/v1/drug/365656/warnings "HTTP/1.1 200 OK"
HTTP Request: GET http://test/api/v1/drug/1000006/dosing-regimen?age=35 "HTTP/1.1 200 OK"
HTTP Request: GET http://test/api/v1/drug/1000030/dosing-regimen?age=35 "HTTP/1.1 200 OK"
HTTP Request: GET http://test/api/v1/drug/1000035/dosing-regimen?age=35 "HTTP/1.1 200 OK"
HTTP Request: GET http://test/health "HTTP/1.1 200 OK"
HTTP Request: GET http://test/health "HTTP/1.1 200 OK"
HTTP Request: GET http://test/health "HTTP/1.1 200 OK"
HTTP Request: GET http://test/api/v1/drug/1000006/check-interaction/365656 "HTTP/1.1 200 OK"
HTTP Request: GET http://test/api/v1/drug/1000006/check-interaction/1000030 "HTTP/1.1 200 OK"
HTTP Request: GET http://test/api/v1/drug/365656/check-interaction/1000030 "HTTP/1.1 200 OK"
HTTP Request: GET http://test/api/v1/drug/365656/check-interaction/1000030 "HTTP/1.1 200 OK"
HTTP Request: GET http://test/api/v1/drug/1000030/check-interaction/365656 "HTTP/1.1 200 OK"
HTTP Request: GET http://test/api/v1/drug/315473/dosing-regimen?age=35 "HTTP/1.1 200 OK"
HTTP Request: GET http://test/api/v1/drug/315473/dosing-regimen?age=-1 "HTTP/1.1 422 Unprocessable Entity"
HTTP Request: GET http://test/api/v1/drug/315473/dosing-regimen "HTTP/1.1 422 Unprocessable Entity"
HTTP Request: GET http://test/api/v1/drug/INVALID_999999/dosing-regimen?age=35 "HTTP/1.1 404 Not Found"
HTTP Request: GET http://test/api/v1/drug/315473/contraindications "HTTP/1.1 200 OK"
HTTP Request: GET http://test/api/v1/drug/315473/warnings "HTTP/1.1 200 OK"
HTTP Request: GET http://test/api/v1/drug/315473/mechanism-of-action "HTTP/1.1 200 OK"
HTTP Request: GET http://test/api/v1/drug/315473/microbiology "HTTP/1.1 200 OK"
HTTP Request: GET http://test/api/v1/drug/315473/generic-name "HTTP/1.1 200 OK"
HTTP Request: GET http://test/api/v1/drug/315473/patient-info "HTTP/1.1 200 OK"
HTTP Request: GET http://test/api/v1/drug/315473/adverse-reactions "HTTP/1.1 200 OK"
HTTP Request: GET http://test/api/v1/drug/315473/drug-description "HTTP/1.1 200 OK"
HTTP Request: GET http://test/api/v1/drug/315473/indications "HTTP/1.1 200 OK"
HTTP Request: GET http://test/api/v1/drug/315473/pregnancy-use "HTTP/1.1 200 OK"
HTTP Request: GET http://test/api/v1/drug/315473/specific-populations "HTTP/1.1 200 OK"
HTTP Request: GET http://test/api/v1/drug/315473/products "HTTP/1.1 200 OK"
HTTP Request: GET http://test/api/v1/drug/315473/food-interactions "HTTP/1.1 200 OK"
HTTP Request: GET http://test/api/v1/drug/315473/ingredients "HTTP/1.1 200 OK"
HTTP Request: GET http://test/api/v1/drug/INVALID_999999/contraindications "HTTP/1.1 404 Not Found"
HTTP Request: GET http://test/api/v1/drug/INVALID_999999/warnings "HTTP/1.1 404 Not Found"
HTTP Request: GET http://test/api/v1/drug/INVALID_999999/mechanism-of-action "HTTP/1.1 404 Not Found"
HTTP Request: GET http://test/api/v1/drug/INVALID_999999/microbiology "HTTP/1.1 404 Not Found"
HTTP Request: GET http://test/api/v1/drug/INVALID_999999/generic-name "HTTP/1.1 404 Not Found"
HTTP Request: GET http://test/api/v1/drug/INVALID_999999/patient-info "HTTP/1.1 404 Not Found"
HTTP Request: GET http://test/api/v1/drug/INVALID_999999/adverse-reactions "HTTP/1.1 404 Not Found"
HTTP Request: GET http://test/api/v1/drug/INVALID_999999/drug-description "HTTP/1.1 404 Not Found"
HTTP Request: GET http://test/api/v1/drug/INVALID_999999/indications "HTTP/1.1 404 Not Found"
HTTP Request: GET http://test/api/v1/drug/INVALID_999999/pregnancy-use "HTTP/1.1 404 Not Found"
HTTP Request: GET http://test/api/v1/drug/INVALID_999999/specific-populations "HTTP/1.1 404 Not Found"
HTTP Request: GET http://test/api/v1/drug/INVALID_999999/products "HTTP/1.1 404 Not Found"
HTTP Request: GET http://test/api/v1/drug/INVALID_999999/food-interactions "HTTP/1.1 404 Not Found"
HTTP Request: GET http://test/api/v1/drug/INVALID_999999/ingredients "HTTP/1.1 404 Not Found"
HTTP Request: GET http://test/api/v1/drug/315473/contraindications "HTTP/1.1 401 Unauthorized"
HTTP Request: GET http://test/api/v1/drug/315473/warnings "HTTP/1.1 401 Unauthorized"
HTTP Request: GET http://test/api/v1/drug/315473/mechanism-of-action "HTTP/1.1 401 Unauthorized"
HTTP Request: GET http://test/api/v1/drug/315473/microbiology "HTTP/1.1 401 Unauthorized"
HTTP Request: GET http://test/api/v1/drug/315473/generic-name "HTTP/1.1 401 Unauthorized"
HTTP Request: GET http://test/api/v1/drug/315473/patient-info "HTTP/1.1 401 Unauthorized"
HTTP Request: GET http://test/api/v1/drug/315473/adverse-reactions "HTTP/1.1 401 Unauthorized"
HTTP Request: GET http://test/api/v1/drug/315473/drug-description "HTTP/1.1 401 Unauthorized"
HTTP Request: GET http://test/api/v1/drug/315473/indications "HTTP/1.1 401 Unauthorized"
HTTP Request: GET http://test/api/v1/drug/315473/pregnancy-use "HTTP/1.1 401 Unauthorized"
HTTP Request: GET http://test/api/v1/drug/315473/specific-populations "HTTP/1.1 401 Unauthorized"
HTTP Request: GET http://test/api/v1/drug/315473/products "HTTP/1.1 401 Unauthorized"
HTTP Request: GET http://test/api/v1/drug/315473/food-interactions "HTTP/1.1 401 Unauthorized"
HTTP Request: GET http://test/api/v1/drug/315473/ingredients "HTTP/1.1 401 Unauthorized"
HTTP Request: GET http://test/api/v1/drug/315473/contraindications "HTTP/1.1 200 OK"
HTTP Request: GET http://test/api/v1/drug/315473/contraindications "HTTP/1.1 200 OK"
HTTP Request: GET http://test/api/v1/drug/315473/ingredients "HTTP/1.1 200 OK"
HTTP Request: GET http://test/api/v1/drug/INVALID_999999/ingredients "HTTP/1.1 404 Not Found"
HTTP Request: GET http://test/api/v1/drug/315473/products "HTTP/1.1 200 OK"
HTTP Request: GET http://test/api/v1/drug/315473/contraindications "HTTP/1.1 200 OK"
HTTP Request: GET http://test/api/v1/drug/315473/population-info?age=5 "HTTP/1.1 200 OK"
HTTP Request: GET http://test/api/v1/drug/315473/population-info?age=0 "HTTP/1.1 200 OK"
HTTP Request: GET http://test/api/v1/drug/315473/population-info?age=17 "HTTP/1.1 200 OK"
HTTP Request: GET http://test/api/v1/drug/315473/population-info?age=35 "HTTP/1.1 200 OK"
HTTP Request: GET http://test/api/v1/drug/315473/population-info?age=18 "HTTP/1.1 200 OK"
HTTP Request: GET http://test/api/v1/drug/315473/population-info?age=64 "HTTP/1.1 200 OK"
HTTP Request: GET http://test/api/v1/drug/315473/population-info?age=65 "HTTP/1.1 200 OK"
HTTP Request: GET http://test/api/v1/drug/315473/population-info?age=80 "HTTP/1.1 200 OK"
HTTP Request: GET http://test/api/v1/drug/INVALID_999999/population-info?age=35 "HTTP/1.1 404 Not Found"
HTTP Request: GET http://test/api/v1/drug/315473/population-info "HTTP/1.1 422 Unprocessable Entity"
HTTP Request: GET http://test/api/v1/drug/315473/population-info?age=150 "HTTP/1.1 422 Unprocessable Entity"
HTTP Request: GET http://test/api/v1/drug/315473/population-info?age=35 "HTTP/1.1 401 Unauthorized"
HTTP Request: GET http://test/api/v1/drug/315473/interactions "HTTP/1.1 200 OK"
HTTP Request: GET http://test/api/v1/drug/INVALID_999999/interactions "HTTP/1.1 404 Not Found"
HTTP Request: GET http://test/api/v1/drug/315473/interactions "HTTP/1.1 200 OK"
HTTP Request: GET http://test/api/v1/drug/315473/interactions "HTTP/1.1 200 OK"
HTTP Request: GET http://test/api/v1/drug/1000006/check-interaction/1000037 "HTTP/1.1 200 OK"
HTTP Request: GET http://test/api/v1/drug/1000006/check-interaction/1000037 "HTTP/1.1 200 OK"
HTTP Request: GET http://test/api/v1/drug/1000037/check-interaction/1000006 "HTTP/1.1 200 OK"
HTTP Request: GET http://test/api/v1/drug/1000006/check-interaction/1000037 "HTTP/1.1 200 OK"
HTTP Request: GET http://test/api/v1/drug/INVALID_999/check-interaction/1000037 "HTTP/1.1 404 Not Found"
HTTP Request: GET http://test/api/v1/drug/1000006/check-interaction/INVALID_999 "HTTP/1.1 404 Not Found"
HTTP Request: GET http://test/api/v1/drug/INVALID_A/check-interaction/INVALID_B "HTTP/1.1 404 Not Found"
HTTP Request: GET http://test/api/v1/drug/1000006/check-interaction/1000037 "HTTP/1.1 401 Unauthorized"
HTTP Request: GET http://test/api/v1/drug/1000006/check-interaction/1000037 "HTTP/1.1 200 OK"
HTTP Request: GET http://test/api/v1/drug/1000006/check-interaction/1000037 "HTTP/1.1 200 OK"
HTTP Request: GET http://test/api/v1/drug/1000006/check-interaction/1000006 "HTTP/1.1 200 OK"
HTTP Request: GET http://test/api/v1/drug/365656/contraindications "HTTP/1.1 200 OK"
HTTP Request: GET http://test/api/v1/drug/1000030/contraindications "HTTP/1.1 200 OK"
HTTP Request: GET http://test/api/v1/drug/365656/warnings "HTTP/1.1 200 OK"
HTTP Request: GET http://test/api/v1/drug/1000030/warnings "HTTP/1.1 200 OK"
HTTP Request: GET http://test/api/v1/drug/365656/mechanism-of-action "HTTP/1.1 200 OK"
HTTP Request: GET http://test/api/v1/drug/1000030/mechanism-of-action "HTTP/1.1 200 OK"
HTTP Request: GET http://test/api/v1/drug/365656/generic-name "HTTP/1.1 200 OK"
HTTP Request: GET http://test/api/v1/drug/1000030/generic-name "HTTP/1.1 200 OK"
HTTP Request: GET http://test/api/v1/drug/365656/adverse-reactions "HTTP/1.1 200 OK"
HTTP Request: GET http://test/api/v1/drug/1000030/adverse-reactions "HTTP/1.1 200 OK"
HTTP Request: GET http://test/api/v1/drug/365656/drug-description "HTTP/1.1 200 OK"
HTTP Request: GET http://test/api/v1/drug/1000030/drug-description "HTTP/1.1 200 OK"
HTTP Request: GET http://test/api/v1/drug/365656/indications "HTTP/1.1 200 OK"
HTTP Request: GET http://test/api/v1/drug/1000030/indications "HTTP/1.1 200 OK"
HTTP Request: GET http://test/api/v1/drug/365656/ingredients "HTTP/1.1 200 OK"
HTTP Request: GET http://test/api/v1/drug/1000030/ingredients "HTTP/1.1 200 OK"
HTTP Request: GET http://test/api/v1/drug/365656/food-interactions "HTTP/1.1 200 OK"
HTTP Request: GET http://test/api/v1/drug/1000030/food-interactions "HTTP/1.1 200 OK"
HTTP Request: GET http://test/api/v1/drug/365656/drug-classes "HTTP/1.1 200 OK"
HTTP Request: GET http://test/api/v1/drug/1000030/drug-classes "HTTP/1.1 200 OK"
HTTP Request: GET http://test/api/v1/drug/365656/interactions "HTTP/1.1 200 OK"
HTTP Request: GET http://test/api/v1/drug/1000030/interactions "HTTP/1.1 200 OK"
HTTP Request: GET http://test/api/v1/drug/365656/population-info?age=35 "HTTP/1.1 200 OK"
HTTP Request: GET http://test/api/v1/drug/1000030/population-info?age=35 "HTTP/1.1 200 OK"
HTTP Request: GET http://test/api/v1/drug/1000006/dosing-regimen?age=0 "HTTP/1.1 404 Not Found"
HTTP Request: GET http://test/api/v1/drug/1000006/dosing-regimen?age=0.5 "HTTP/1.1 404 Not Found"
HTTP Request: GET http://test/api/v1/drug/1000006/dosing-regimen?age=5 "HTTP/1.1 200 OK"
HTTP Request: GET http://test/api/v1/drug/1000006/dosing-regimen?age=15 "HTTP/1.1 404 Not Found"
HTTP Request: GET http://test/api/v1/drug/1000006/dosing-regimen?age=35 "HTTP/1.1 200 OK"
HTTP Request: GET http://test/api/v1/drug/1000006/dosing-regimen?age=70 "HTTP/1.1 200 OK"
HTTP Request: GET http://test/api/v1/drug/1000030/dosing-regimen?age=0 "HTTP/1.1 404 Not Found"
HTTP Request: GET http://test/api/v1/drug/1000030/dosing-regimen?age=0.5 "HTTP/1.1 404 Not Found"
HTTP Request: GET http://test/api/v1/drug/1000030/dosing-regimen?age=5 "HTTP/1.1 200 OK"
HTTP Request: GET http://test/api/v1/drug/1000030/dosing-regimen?age=15 "HTTP/1.1 404 Not Found"
HTTP Request: GET http://test/api/v1/drug/1000030/dosing-regimen?age=35 "HTTP/1.1 200 OK"
HTTP Request: GET http://test/api/v1/drug/1000030/dosing-regimen?age=70 "HTTP/1.1 404 Not Found"
HTTP Request: GET http://test/api/v1/drug/1000035/dosing-regimen?age=35 "HTTP/1.1 200 OK"
HTTP Request: GET http://test/api/v1/drug/1000035/dosing-regimen?age=35 "HTTP/1.1 200 OK"
HTTP Request: GET http://test/api/v1/drug/1000030/contraindications "HTTP/1.1 200 OK"
HTTP Request: GET http://test/api/v1/drug/1000030/contraindications "HTTP/1.1 200 OK"
HTTP Request: GET http://test/api/v1/drug/365656/warnings "HTTP/1.1 200 OK"
HTTP Request: GET http://test/api/v1/drug/365656/warnings "HTTP/1.1 200 OK"
HTTP Request: GET http://test/api/v1/drug/1000006/dosing-regimen?age=35 "HTTP/1.1 200 OK"
HTTP Request: GET http://test/api/v1/drug/1000030/dosing-regimen?age=35 "HTTP/1.1 200 OK"
HTTP Request: GET http://test/api/v1/drug/1000035/dosing-regimen?age=35 "HTTP/1.1 200 OK"
HTTP Request: GET http://test/health "HTTP/1.1 200 OK"
HTTP Request: GET http://test/health "HTTP/1.1 200 OK"
HTTP Request: GET http://test/health "HTTP/1.1 200 OK"
HTTP Request: GET http://test/api/v1/drug/1000006/check-interaction/365656 "HTTP/1.1 200 OK"
HTTP Request: GET http://test/api/v1/drug/1000006/check-interaction/1000030 "HTTP/1.1 200 OK"
HTTP Request: GET http://test/api/v1/drug/365656/check-interaction/1000030 "HTTP/1.1 200 OK"
HTTP Request: GET http://test/api/v1/drug/365656/check-interaction/1000030 "HTTP/1.1 200 OK"
HTTP Request: GET http://test/api/v1/drug/1000030/check-interaction/365656 "HTTP/1.1 200 OK"
